Flutter crash report.
Please report a bug at https://github.com/flutter/flutter/issues.

## command

flutter run --machine --target lib\main.dart -d HT7971A03373 --dart-define=flutter.inspector.structuredErrors=true --start-paused --web-server-debug-protocol ws --web-allow-expose-url --devtools-server-address http://127.0.0.1:9102/

## exception

RPCError: getIsolate: (112) Service has disappeared

```
```

## flutter doctor

```
[✓] Flutter (Channel stable, 2.0.3, on Microsoft Windows [Version 10.0.19042.870], locale en-US)
    • Flutter version 2.0.3 at C:\src\flutter
    • Framework revision 4d7946a68d (4 weeks ago), 2021-03-18 17:24:33 -0700
    • Engine revision 3459eb2436
    • Dart version 2.12.2

[✓] Android toolchain - develop for Android devices (Android SDK version 30.0.2)
    • Android SDK at C:\Android
    • Platform android-30, build-tools 30.0.2
    • ANDROID_HOME = C:\Android
    • Java binary at: C:\Program Files\Android\Android Studio\jre\bin\java
    • Java version OpenJDK Runtime Environment (build 1.8.0_242-release-1644-b01)
    • All Android licenses accepted.

[✓] Chrome - develop for the web
    • Chrome at C:\Program Files\Google\Chrome\Application\chrome.exe

[✓] Android Studio (version 4.1.0)
    • Android Studio at C:\Program Files\Android\Android Studio
    • Flutter plugin can be installed from:
      🔨 https://plugins.jetbrains.com/plugin/9212-flutter
    • Dart plugin can be installed from:
      🔨 https://plugins.jetbrains.com/plugin/6351-dart
    • Java version OpenJDK Runtime Environment (build 1.8.0_242-release-1644-b01)

[✓] VS Code (version 1.55.1)
    • VS Code at C:\Users\Hridoy\AppData\Local\Programs\Microsoft VS Code
    • Flutter extension version 3.21.0

[✓] Connected device (4 available)
    • Pixel 2 (mobile)       • HT7971A03373  • android-arm64  • Android 11 (API 30)
    • emulator-5554 (mobile) • emulator-5554 • android-arm    • Android null (API null)
    • Chrome (web)           • chrome        • web-javascript • Google Chrome 89.0.4389.114
    • Edge (web)             • edge          • web-javascript • Microsoft Edge 89.0.774.68

• No issues found!
```
